[2025-01-11 02:52:30] WP Mail Request {"args":null,"backtrace":"do_action('wp_ajax_wpz_random_orders'), WP_Hook->do_action, WP_Hook->apply_filters, WPZ_Generate_Random_Orders_For_WooCommerce::ajax_random_orders, include_once('\/plugins\/generate-random-orders-for-woocommerce\/includes\/create-test-order.php'), WC_Order->update_status, WC_Order->save, WC_Order->status_transition, do_action('woocommerce_order_status_pending_to_processing'), WP_Hook->do_action, WP_Hook->apply_filters, WC_Emails::send_transactional_email, do_action_ref_array('woocommerce_order_status_pending_to_processing_notification'), WP_Hook->do_action, WP_Hook->apply_filters, WC_Email_New_Order->trigger, WC_Email->get_content, WC_Email_New_Order->get_content_html, wc_get_template_html, wc_get_template, include('\/themes\/livecomplete\/woocommerce\/emails\/admin-new-order.php'), wp_mail, apply_filters('pre_wp_mail'), WP_Hook->apply_filters, LiveComplete_SendGrid->send_via_sendgrid","source":"livecomplete-sendgrid"}
[2025-01-11 02:52:30] Using recipient {"to":"warren@livecomplete.com","is_fallback":true,"source":"livecomplete-sendgrid"}
[2025-01-11 02:52:30] Template data from filter {"template_data":{"template_id":"d-a074b85fe1a340edaa9adcbf431469d6","template_type":"admin-new-order","subject":"New Order #479","customer_name":"John Smith","order_number":"479","order_date":"2025-01-11 00:00:00","order_total":"&#36;57.00","payment_method":"","shipping_method":"Local Pickup","billing_address":"John Smith123 Main StreetSmithers BC V0J 2N0Canada","shipping_address":"Jane Doe123 Main StreetSmithers BC V0J 2N0Canada","customer_email":"example3@example.com","customer_phone":"6672788263","items":[{"name":"Long Sleeve Tee","quantity":2,"price":"25"}]},"source":"livecomplete-sendgrid"}
[2025-01-11 02:52:30] Using SendGrid template {"template_id":"d-a074b85fe1a340edaa9adcbf431469d6","source":"livecomplete-sendgrid"}
[2025-01-11 02:52:31] Database error while logging email status {"error":"Unknown column 'template_type' in 'field list'","data":{"to":"warren@livecomplete.com","subject":"","status":"success","error":null,"template_type":"admin-new-order","timestamp":"2025-01-11 02:52:31"},"source":"livecomplete-sendgrid"}
[2025-01-11 02:52:31] WP Mail Request {"args":null,"backtrace":"do_action('wp_ajax_wpz_random_orders'), WP_Hook->do_action, WP_Hook->apply_filters, WPZ_Generate_Random_Orders_For_WooCommerce::ajax_random_orders, include_once('\/plugins\/generate-random-orders-for-woocommerce\/includes\/create-test-order.php'), WC_Order->update_status, WC_Order->save, WC_Order->status_transition, do_action('woocommerce_order_status_pending_to_processing'), WP_Hook->do_action, WP_Hook->apply_filters, WC_Emails::send_transactional_email, do_action_ref_array('woocommerce_order_status_pending_to_processing_notification'), WP_Hook->do_action, WP_Hook->apply_filters, WC_Email_New_Order->trigger, WC_Email->send, wp_mail, apply_filters('pre_wp_mail'), WP_Hook->apply_filters, LiveComplete_SendGrid->send_via_sendgrid","source":"livecomplete-sendgrid"}
[2025-01-11 02:52:31] Using recipient {"to":"warren@livecomplete.com","is_fallback":true,"source":"livecomplete-sendgrid"}
[2025-01-11 02:52:31] Template data from filter {"template_data":{"template_id":"d-a074b85fe1a340edaa9adcbf431469d6","template_type":"admin-new-order","subject":"New Order #479","customer_name":"John Smith","order_number":"479","order_date":"2025-01-11 00:00:00","order_total":"&#36;57.00","payment_method":"","shipping_method":"Local Pickup","billing_address":"John Smith123 Main StreetSmithers BC V0J 2N0Canada","shipping_address":"Jane Doe123 Main StreetSmithers BC V0J 2N0Canada","customer_email":"example3@example.com","customer_phone":"6672788263","items":[{"name":"Long Sleeve Tee","quantity":2,"price":"25"}]},"source":"livecomplete-sendgrid"}
[2025-01-11 02:52:31] Using SendGrid template {"template_id":"d-a074b85fe1a340edaa9adcbf431469d6","source":"livecomplete-sendgrid"}
[2025-01-11 02:52:31] Database error while logging email status {"error":"Unknown column 'template_type' in 'field list'","data":{"to":"warren@livecomplete.com","subject":"","status":"success","error":null,"template_type":"admin-new-order","timestamp":"2025-01-11 02:52:31"},"source":"livecomplete-sendgrid"}
[2025-01-11 02:52:31] WP Mail Request {"args":null,"backtrace":"do_action('wp_ajax_wpz_random_orders'), WP_Hook->do_action, WP_Hook->apply_filters, WPZ_Generate_Random_Orders_For_WooCommerce::ajax_random_orders, include_once('\/plugins\/generate-random-orders-for-woocommerce\/includes\/create-test-order.php'), WC_Order->update_status, WC_Order->save, WC_Order->status_transition, do_action('woocommerce_order_status_pending_to_processing'), WP_Hook->do_action, WP_Hook->apply_filters, WC_Emails::send_transactional_email, do_action_ref_array('woocommerce_order_status_pending_to_processing_notification'), WP_Hook->do_action, WP_Hook->apply_filters, WC_Email_Customer_Processing_Order->trigger, WC_Email->send, wp_mail, apply_filters('pre_wp_mail'), WP_Hook->apply_filters, LiveComplete_SendGrid->send_via_sendgrid","source":"livecomplete-sendgrid"}
[2025-01-11 02:52:31] Using recipient {"to":"warren@livecomplete.com","is_fallback":true,"source":"livecomplete-sendgrid"}
[2025-01-11 02:52:31] Template data from filter {"template_data":{"template_id":"d-a074b85fe1a340edaa9adcbf431469d6","template_type":"admin-new-order","subject":"New Order #479","customer_name":"John Smith","order_number":"479","order_date":"2025-01-11 00:00:00","order_total":"&#36;57.00","payment_method":"","shipping_method":"Local Pickup","billing_address":"John Smith123 Main StreetSmithers BC V0J 2N0Canada","shipping_address":"Jane Doe123 Main StreetSmithers BC V0J 2N0Canada","customer_email":"example3@example.com","customer_phone":"6672788263","items":[{"name":"Long Sleeve Tee","quantity":2,"price":"25"}]},"source":"livecomplete-sendgrid"}
[2025-01-11 02:52:31] Using SendGrid template {"template_id":"d-a074b85fe1a340edaa9adcbf431469d6","source":"livecomplete-sendgrid"}
[2025-01-11 02:52:32] Database error while logging email status {"error":"Unknown column 'template_type' in 'field list'","data":{"to":"warren@livecomplete.com","subject":"","status":"success","error":null,"template_type":"admin-new-order","timestamp":"2025-01-11 02:52:32"},"source":"livecomplete-sendgrid"}
[2025-01-11 02:56:45] Disabled WooCommerce default emails {"source":"livecomplete-sendgrid"}
[2025-01-11 02:56:46] Disabled WooCommerce default emails {"source":"livecomplete-sendgrid"}
[2025-01-11 02:56:47] Disabled WooCommerce default emails {"source":"livecomplete-sendgrid"}
[2025-01-11 02:56:50] Disabled WooCommerce default emails {"source":"livecomplete-sendgrid"}
[2025-01-11 02:56:52] Disabled WooCommerce default emails {"source":"livecomplete-sendgrid"}
[2025-01-11 02:57:06] Disabled WooCommerce default emails {"source":"livecomplete-sendgrid"}
[2025-01-11 02:57:07] Disabled WooCommerce default emails {"source":"livecomplete-sendgrid"}
[2025-01-11 02:57:20] Disabled WooCommerce default emails {"source":"livecomplete-sendgrid"}
[2025-01-11 02:57:50] Disabled WooCommerce default emails {"source":"livecomplete-sendgrid"}
[2025-01-11 02:58:16] Disabled WooCommerce default emails {"source":"livecomplete-sendgrid"}
[2025-01-11 02:58:17] Disabled WooCommerce default emails {"source":"livecomplete-sendgrid"}
[2025-01-11 02:58:19] Disabled WooCommerce default emails {"source":"livecomplete-sendgrid"}
[2025-01-11 02:58:19] Disabled WooCommerce default emails {"source":"livecomplete-sendgrid"}
[2025-01-11 02:58:19] Disabled WooCommerce default emails {"source":"livecomplete-sendgrid"}
[2025-01-11 02:58:19] Disabled WooCommerce default emails {"source":"livecomplete-sendgrid"}
[2025-01-11 02:58:19] Disabled WooCommerce default emails {"source":"livecomplete-sendgrid"}
[2025-01-11 02:58:19] Disabled WooCommerce default emails {"source":"livecomplete-sendgrid"}
[2025-01-11 02:58:20] Disabled WooCommerce default emails {"source":"livecomplete-sendgrid"}
[2025-01-11 02:58:20] Disabled WooCommerce default emails {"source":"livecomplete-sendgrid"}
[2025-01-11 02:58:20] Disabled WooCommerce default emails {"source":"livecomplete-sendgrid"}
[2025-01-11 02:58:32] Disabled WooCommerce default emails {"source":"livecomplete-sendgrid"}
[2025-01-11 02:58:34] Disabled WooCommerce default emails {"source":"livecomplete-sendgrid"}
[2025-01-11 02:58:34] Disabled WooCommerce default emails {"source":"livecomplete-sendgrid"}
[2025-01-11 02:58:34] Disabled WooCommerce default emails {"source":"livecomplete-sendgrid"}
[2025-01-11 02:58:34] Disabled WooCommerce default emails {"source":"livecomplete-sendgrid"}
[2025-01-11 02:58:34] Disabled WooCommerce default emails {"source":"livecomplete-sendgrid"}
[2025-01-11 02:58:34] Disabled WooCommerce default emails {"source":"livecomplete-sendgrid"}
[2025-01-11 02:58:35] Disabled WooCommerce default emails {"source":"livecomplete-sendgrid"}
[2025-01-11 02:58:36] Disabled WooCommerce default emails {"source":"livecomplete-sendgrid"}
[2025-01-11 02:58:36] Disabled WooCommerce default emails {"source":"livecomplete-sendgrid"}
[2025-01-11 02:58:36] Disabled WooCommerce default emails {"source":"livecomplete-sendgrid"}
[2025-01-11 02:58:36] Disabled WooCommerce default emails {"source":"livecomplete-sendgrid"}
[2025-01-11 02:58:37] Disabled WooCommerce default emails {"source":"livecomplete-sendgrid"}
[2025-01-11 02:58:37] Disabled WooCommerce default emails {"source":"livecomplete-sendgrid"}
[2025-01-11 02:58:37] Disabled WooCommerce default emails {"source":"livecomplete-sendgrid"}
[2025-01-11 02:58:37] Disabled WooCommerce default emails {"source":"livecomplete-sendgrid"}
[2025-01-11 02:58:37] Disabled WooCommerce default emails {"source":"livecomplete-sendgrid"}
[2025-01-11 02:58:47] Disabled WooCommerce default emails {"source":"livecomplete-sendgrid"}
[2025-01-11 02:58:49] Disabled WooCommerce default emails {"source":"livecomplete-sendgrid"}
[2025-01-11 02:58:49] Disabled WooCommerce default emails {"source":"livecomplete-sendgrid"}
[2025-01-11 02:58:49] Disabled WooCommerce default emails {"source":"livecomplete-sendgrid"}
[2025-01-11 02:58:49] Disabled WooCommerce default emails {"source":"livecomplete-sendgrid"}
[2025-01-11 02:58:49] Disabled WooCommerce default emails {"source":"livecomplete-sendgrid"}
[2025-01-11 02:58:49] Disabled WooCommerce default emails {"source":"livecomplete-sendgrid"}
[2025-01-11 02:58:50] Disabled WooCommerce default emails {"source":"livecomplete-sendgrid"}
[2025-01-11 02:58:50] Disabled WooCommerce default emails {"source":"livecomplete-sendgrid"}
[2025-01-11 02:58:50] Disabled WooCommerce default emails {"source":"livecomplete-sendgrid"}
[2025-01-11 02:59:49] Disabled WooCommerce default emails {"source":"livecomplete-sendgrid"}
[2025-01-11 02:59:50] Disabled WooCommerce default emails {"source":"livecomplete-sendgrid"}
[2025-01-11 02:59:50] Disabled WooCommerce default emails {"source":"livecomplete-sendgrid"}
[2025-01-11 03:01:06] Disabled WooCommerce default emails {"source":"livecomplete-sendgrid"}
[2025-01-11 03:01:07] Disabled WooCommerce default emails {"source":"livecomplete-sendgrid"}
[2025-01-11 03:01:51] Disabled WooCommerce default emails {"source":"livecomplete-sendgrid"}
[2025-01-11 03:01:55] Disabled WooCommerce default emails {"source":"livecomplete-sendgrid"}
[2025-01-11 03:01:57] Disabled WooCommerce default emails {"source":"livecomplete-sendgrid"}
[2025-01-11 03:01:57] Disabled WooCommerce default emails {"source":"livecomplete-sendgrid"}
[2025-01-11 03:01:57] Disabled WooCommerce default emails {"source":"livecomplete-sendgrid"}
[2025-01-11 03:01:57] Disabled WooCommerce default emails {"source":"livecomplete-sendgrid"}
[2025-01-11 03:01:57] Disabled WooCommerce default emails {"source":"livecomplete-sendgrid"}
[2025-01-11 03:01:57] Disabled WooCommerce default emails {"source":"livecomplete-sendgrid"}
[2025-01-11 03:01:57] Disabled WooCommerce default emails {"source":"livecomplete-sendgrid"}
[2025-01-11 03:01:57] Disabled WooCommerce default emails {"source":"livecomplete-sendgrid"}
[2025-01-11 03:01:58] Disabled WooCommerce default emails {"source":"livecomplete-sendgrid"}
[2025-01-11 03:01:59] Disabled WooCommerce default emails {"source":"livecomplete-sendgrid"}
[2025-01-11 03:02:00] WP Mail Request {"args":null,"backtrace":"do_action('wp_ajax_wpz_random_orders'), WP_Hook->do_action, WP_Hook->apply_filters, WPZ_Generate_Random_Orders_For_WooCommerce::ajax_random_orders, include_once('\/plugins\/generate-random-orders-for-woocommerce\/includes\/create-test-order.php'), WC_Order->update_status, WC_Order->save, WC_Order->status_transition, do_action('woocommerce_order_status_pending_to_processing'), WP_Hook->do_action, WP_Hook->apply_filters, LiveComplete_SendGrid->trigger_new_order_email, WC_Email->get_content, WC_Email_New_Order->get_content_html, wc_get_template_html, wc_get_template, include('\/themes\/livecomplete\/woocommerce\/emails\/admin-new-order.php'), wp_mail, apply_filters('pre_wp_mail'), WP_Hook->apply_filters, LiveComplete_SendGrid->send_via_sendgrid","source":"livecomplete-sendgrid"}
[2025-01-11 03:02:00] Using recipient {"to":"warren@livecomplete.com","is_fallback":true,"source":"livecomplete-sendgrid"}
[2025-01-11 03:02:00] Template data from filter {"template_data":{"template_id":"d-a074b85fe1a340edaa9adcbf431469d6","template_type":"admin-new-order","subject":"New Order #481","customer_name":"Jane Doe","order_number":"481","order_date":"2025-01-11 00:00:00","order_total":"&#36;61.20","payment_method":"","shipping_method":"Local Pickup","billing_address":"Jane Doe123 Main StreetSmithers BC V0J 2N0Canada","shipping_address":"Jane Doe123 Main StreetSmithers BC V0J 2N0Canada","customer_email":"example1@example.com","customer_phone":"9258968385","items":[{"name":"WordPress Pennant","quantity":4,"price":"11.05"}]},"source":"livecomplete-sendgrid"}
[2025-01-11 03:02:00] Using SendGrid template {"template_id":"d-a074b85fe1a340edaa9adcbf431469d6","source":"livecomplete-sendgrid"}
[2025-01-11 03:02:00] Database error while logging email status {"error":"Unknown column 'template_type' in 'field list'","data":{"to":"warren@livecomplete.com","subject":"","status":"success","error":null,"template_type":"admin-new-order","timestamp":"2025-01-11 03:02:00"},"source":"livecomplete-sendgrid"}
[2025-01-11 03:02:00] WP Mail Request {"args":null,"backtrace":"do_action('wp_ajax_wpz_random_orders'), WP_Hook->do_action, WP_Hook->apply_filters, WPZ_Generate_Random_Orders_For_WooCommerce::ajax_random_orders, include_once('\/plugins\/generate-random-orders-for-woocommerce\/includes\/create-test-order.php'), WC_Order->update_status, WC_Order->save, WC_Order->status_transition, do_action('woocommerce_order_status_pending_to_processing'), WP_Hook->do_action, WP_Hook->apply_filters, LiveComplete_SendGrid->trigger_new_order_email, wp_mail, apply_filters('pre_wp_mail'), WP_Hook->apply_filters, LiveComplete_SendGrid->send_via_sendgrid","source":"livecomplete-sendgrid"}
[2025-01-11 03:02:00] Using recipient {"to":"warren@livecomplete.com","is_fallback":true,"source":"livecomplete-sendgrid"}
[2025-01-11 03:02:00] Template data from filter {"template_data":{"template_id":"d-a074b85fe1a340edaa9adcbf431469d6","template_type":"admin-new-order","subject":"New Order #481","customer_name":"Jane Doe","order_number":"481","order_date":"2025-01-11 00:00:00","order_total":"&#36;61.20","payment_method":"","shipping_method":"Local Pickup","billing_address":"Jane Doe123 Main StreetSmithers BC V0J 2N0Canada","shipping_address":"Jane Doe123 Main StreetSmithers BC V0J 2N0Canada","customer_email":"example1@example.com","customer_phone":"9258968385","items":[{"name":"WordPress Pennant","quantity":4,"price":"11.05"}]},"source":"livecomplete-sendgrid"}
[2025-01-11 03:02:00] Using SendGrid template {"template_id":"d-a074b85fe1a340edaa9adcbf431469d6","source":"livecomplete-sendgrid"}
[2025-01-11 03:02:01] Database error while logging email status {"error":"Unknown column 'template_type' in 'field list'","data":{"to":"warren@livecomplete.com","subject":"","status":"success","error":null,"template_type":"admin-new-order","timestamp":"2025-01-11 03:02:01"},"source":"livecomplete-sendgrid"}
[2025-01-11 03:02:01] New order email trigger attempt {"order_id":481,"sent":true,"recipient":"warren@livecomplete.com","source":"livecomplete-sendgrid"}
[2025-01-11 03:02:01] WP Mail Request {"args":null,"backtrace":"do_action('wp_ajax_wpz_random_orders'), WP_Hook->do_action, WP_Hook->apply_filters, WPZ_Generate_Random_Orders_For_WooCommerce::ajax_random_orders, include_once('\/plugins\/generate-random-orders-for-woocommerce\/includes\/create-test-order.php'), wc_create_refund, do_action('woocommerce_order_partially_refunded'), WP_Hook->do_action, WP_Hook->apply_filters, WC_Emails::send_transactional_email, do_action_ref_array('woocommerce_order_partially_refunded_notification'), WP_Hook->do_action, WP_Hook->apply_filters, WC_Email_Customer_Refunded_Order->trigger_partial, WC_Email_Customer_Refunded_Order->trigger, WC_Email->send, wp_mail, apply_filters('pre_wp_mail'), WP_Hook->apply_filters, LiveComplete_SendGrid->send_via_sendgrid","source":"livecomplete-sendgrid"}
[2025-01-11 03:02:01] Using recipient {"to":"warren@livecomplete.com","is_fallback":true,"source":"livecomplete-sendgrid"}
[2025-01-11 03:02:01] Template data from filter {"template_data":{"template_id":"d-a074b85fe1a340edaa9adcbf431469d6","template_type":"admin-new-order","subject":"New Order #481","customer_name":"Jane Doe","order_number":"481","order_date":"2025-01-11 00:00:00","order_total":"&#36;61.20","payment_method":"","shipping_method":"Local Pickup","billing_address":"Jane Doe123 Main StreetSmithers BC V0J 2N0Canada","shipping_address":"Jane Doe123 Main StreetSmithers BC V0J 2N0Canada","customer_email":"example1@example.com","customer_phone":"9258968385","items":[{"name":"WordPress Pennant","quantity":4,"price":"11.05"}]},"source":"livecomplete-sendgrid"}
[2025-01-11 03:02:01] Using SendGrid template {"template_id":"d-a074b85fe1a340edaa9adcbf431469d6","source":"livecomplete-sendgrid"}
[2025-01-11 03:02:01] Database error while logging email status {"error":"Unknown column 'template_type' in 'field list'","data":{"to":"warren@livecomplete.com","subject":"","status":"success","error":null,"template_type":"admin-new-order","timestamp":"2025-01-11 03:02:01"},"source":"livecomplete-sendgrid"}
[2025-01-11 03:02:51] Disabled WooCommerce default emails {"source":"livecomplete-sendgrid"}
[2025-01-11 03:02:51] Disabled WooCommerce default emails {"source":"livecomplete-sendgrid"}
[2025-01-11 03:02:57] Disabled WooCommerce default emails {"source":"livecomplete-sendgrid"}
[2025-01-11 03:13:47] WP Mail Request {"args":null,"backtrace":"require('wp-blog-header.php'), wp, WP->main, WP->parse_request, do_action_ref_array('parse_request'), WP_Hook->do_action, WP_Hook->apply_filters, Kadence_Woomail_Preview->set_up_preview, include('\/plugins\/kadence-woocommerce-email-designer\/preview.php'), Kadence_Woomail_Preview::print_preview_email, Kadence_Woomail_Preview::get_preview_email, WC_Email->get_content, WC_Email_New_Order->get_content_html, wc_get_template_html, wc_get_template, include('\/themes\/livecomplete\/woocommerce\/emails\/admin-new-order.php'), wp_mail, apply_filters('pre_wp_mail'), WP_Hook->apply_filters, LiveComplete_SendGrid->send_via_sendgrid","source":"livecomplete-sendgrid"}
[2025-01-11 03:13:47] Using recipient {"to":"warren@livecomplete.com","is_fallback":true,"source":"livecomplete-sendgrid"}
[2025-01-11 03:13:47] Template data from filter {"template_data":{"template_id":"d-a074b85fe1a340edaa9adcbf431469d6","template_type":"admin-new-order","subject":"New Order #1","customer_name":"Sherlock Holmes","order_number":"1","order_date":"2025-01-11 03:13:47","order_total":"&#36;24.90","payment_method":"","shipping_method":"","billing_address":"Sherlock HolmesDetectives Ltd.221B Baker StreetLondonNW1 6XEUnited Kingdom (UK)","shipping_address":"","customer_email":"sherlock@holmes.co.uk","customer_phone":"02079304832","items":[{"name":"A Study in Scarlet","quantity":1,"price":"0"},{"name":"The Hound of the Baskervilles","quantity":1,"price":"0"}]},"source":"livecomplete-sendgrid"}
[2025-01-11 03:13:47] Using SendGrid template {"template_id":"d-a074b85fe1a340edaa9adcbf431469d6","source":"livecomplete-sendgrid"}
[2025-01-11 03:13:48] Database error while logging email status {"error":"Unknown column 'template_type' in 'field list'","data":{"to":"warren@livecomplete.com","subject":"","status":"success","error":null,"template_type":"admin-new-order","timestamp":"2025-01-11 03:13:48"},"source":"livecomplete-sendgrid"}
[2025-01-11 03:15:10] WP Mail Request {"args":null,"backtrace":"require('wp-blog-header.php'), wp, WP->main, WP->parse_request, do_action_ref_array('parse_request'), WP_Hook->do_action, WP_Hook->apply_filters, Kadence_Woomail_Preview->set_up_preview, include('\/plugins\/kadence-woocommerce-email-designer\/preview.php'), Kadence_Woomail_Preview::print_preview_email, Kadence_Woomail_Preview::get_preview_email, WC_Email->get_content, WC_Email_New_Order->get_content_html, wc_get_template_html, wc_get_template, include('\/themes\/livecomplete\/woocommerce\/emails\/admin-new-order.php'), wp_mail, apply_filters('pre_wp_mail'), WP_Hook->apply_filters, LiveComplete_SendGrid->send_via_sendgrid","source":"livecomplete-sendgrid"}
[2025-01-11 03:15:10] Using recipient {"to":"warren@livecomplete.com","is_fallback":true,"source":"livecomplete-sendgrid"}
[2025-01-11 03:15:10] Template data from filter {"template_data":{"template_id":"d-a074b85fe1a340edaa9adcbf431469d6","template_type":"admin-new-order","subject":"New Order #1","customer_name":"Sherlock Holmes","order_number":"1","order_date":"2025-01-11 03:15:10","order_total":"&#36;24.90","payment_method":"","shipping_method":"","billing_address":"Sherlock HolmesDetectives Ltd.221B Baker StreetLondonNW1 6XEUnited Kingdom (UK)","shipping_address":"","customer_email":"sherlock@holmes.co.uk","customer_phone":"02079304832","items":[{"name":"A Study in Scarlet","quantity":1,"price":"0"},{"name":"The Hound of the Baskervilles","quantity":1,"price":"0"}]},"source":"livecomplete-sendgrid"}
[2025-01-11 03:15:10] Using SendGrid template {"template_id":"d-a074b85fe1a340edaa9adcbf431469d6","source":"livecomplete-sendgrid"}
[2025-01-11 03:15:11] Database error while logging email status {"error":"Unknown column 'template_type' in 'field list'","data":{"to":"warren@livecomplete.com","subject":"","status":"success","error":null,"template_type":"admin-new-order","timestamp":"2025-01-11 03:15:11"},"source":"livecomplete-sendgrid"}
[2025-01-11 03:20:33] WP Mail Request {"args":null,"backtrace":"require('wp-blog-header.php'), wp, WP->main, WP->parse_request, do_action_ref_array('parse_request'), WP_Hook->do_action, WP_Hook->apply_filters, Kadence_Woomail_Preview->set_up_preview, include('\/plugins\/kadence-woocommerce-email-designer\/preview.php'), Kadence_Woomail_Preview::print_preview_email, Kadence_Woomail_Preview::get_preview_email, WC_Email->get_content, WC_Email_New_Order->get_content_html, wc_get_template_html, wc_get_template, include('\/themes\/livecomplete\/woocommerce\/emails\/admin-new-order.php'), wp_mail, apply_filters('pre_wp_mail'), WP_Hook->apply_filters, LiveComplete_SendGrid->send_via_sendgrid","source":"livecomplete-sendgrid"}
[2025-01-11 03:20:33] Using recipient {"to":"warren@livecomplete.com","is_fallback":true,"source":"livecomplete-sendgrid"}
[2025-01-11 03:20:33] Template data from filter {"template_data":{"template_id":"d-a074b85fe1a340edaa9adcbf431469d6","template_type":"admin-new-order","subject":"New Order #1","customer_name":"Sherlock Holmes","order_number":"1","order_date":"2025-01-11 03:20:33","order_total":"&#36;24.90","payment_method":"","shipping_method":"","billing_address":"Sherlock HolmesDetectives Ltd.221B Baker StreetLondonNW1 6XEUnited Kingdom (UK)","shipping_address":"","customer_email":"sherlock@holmes.co.uk","customer_phone":"02079304832","items":[{"name":"A Study in Scarlet","quantity":1,"price":"0"},{"name":"The Hound of the Baskervilles","quantity":1,"price":"0"}]},"source":"livecomplete-sendgrid"}
[2025-01-11 03:20:33] Using SendGrid template {"template_id":"d-a074b85fe1a340edaa9adcbf431469d6","source":"livecomplete-sendgrid"}
[2025-01-11 03:20:34] Database error while logging email status {"error":"Unknown column 'template_type' in 'field list'","data":{"to":"warren@livecomplete.com","subject":"","status":"success","error":null,"template_type":"admin-new-order","timestamp":"2025-01-11 03:20:34"},"source":"livecomplete-sendgrid"}
[2025-01-11 03:20:53] WP Mail Request {"args":null,"backtrace":"require('wp-blog-header.php'), wp, WP->main, WP->parse_request, do_action_ref_array('parse_request'), WP_Hook->do_action, WP_Hook->apply_filters, Kadence_Woomail_Preview->set_up_preview, include('\/plugins\/kadence-woocommerce-email-designer\/preview.php'), Kadence_Woomail_Preview::print_preview_email, Kadence_Woomail_Preview::get_preview_email, WC_Email->get_content, WC_Email_New_Order->get_content_html, wc_get_template_html, wc_get_template, include('\/themes\/livecomplete\/woocommerce\/emails\/admin-new-order.php'), wp_mail, apply_filters('pre_wp_mail'), WP_Hook->apply_filters, LiveComplete_SendGrid->send_via_sendgrid","source":"livecomplete-sendgrid"}
[2025-01-11 03:20:53] Using recipient {"to":"warren@livecomplete.com","is_fallback":true,"source":"livecomplete-sendgrid"}
[2025-01-11 03:20:53] Template data from filter {"template_data":{"template_id":"d-a074b85fe1a340edaa9adcbf431469d6","template_type":"admin-new-order","subject":"New Order #1","customer_name":"Sherlock Holmes","order_number":"1","order_date":"2025-01-11 03:20:53","order_total":"&#36;24.90","payment_method":"","shipping_method":"","billing_address":"Sherlock HolmesDetectives Ltd.221B Baker StreetLondonNW1 6XEUnited Kingdom (UK)","shipping_address":"","customer_email":"sherlock@holmes.co.uk","customer_phone":"02079304832","items":[{"name":"A Study in Scarlet","quantity":1,"price":"0"},{"name":"The Hound of the Baskervilles","quantity":1,"price":"0"}]},"source":"livecomplete-sendgrid"}
[2025-01-11 03:20:53] Using SendGrid template {"template_id":"d-a074b85fe1a340edaa9adcbf431469d6","source":"livecomplete-sendgrid"}
[2025-01-11 03:20:54] Database error while logging email status {"error":"Unknown column 'template_type' in 'field list'","data":{"to":"warren@livecomplete.com","subject":"","status":"success","error":null,"template_type":"admin-new-order","timestamp":"2025-01-11 03:20:54"},"source":"livecomplete-sendgrid"}
[2025-01-11 03:21:47] WP Mail Request {"args":null,"backtrace":"require('wp-blog-header.php'), wp, WP->main, WP->parse_request, do_action_ref_array('parse_request'), WP_Hook->do_action, WP_Hook->apply_filters, Kadence_Woomail_Preview->set_up_preview, include('\/plugins\/kadence-woocommerce-email-designer\/preview.php'), Kadence_Woomail_Preview::print_preview_email, Kadence_Woomail_Preview::get_preview_email, WC_Email->get_content, WC_Email_New_Order->get_content_html, wc_get_template_html, wc_get_template, include('\/themes\/livecomplete\/woocommerce\/emails\/admin-new-order.php'), wp_mail, apply_filters('pre_wp_mail'), WP_Hook->apply_filters, LiveComplete_SendGrid->send_via_sendgrid","source":"livecomplete-sendgrid"}
[2025-01-11 03:21:47] Using recipient {"to":"warren@livecomplete.com","is_fallback":true,"source":"livecomplete-sendgrid"}
[2025-01-11 03:21:47] Template data from filter {"template_data":{"template_id":"d-a074b85fe1a340edaa9adcbf431469d6","template_type":"admin-new-order","subject":"New Order #1","customer_name":"Sherlock Holmes","order_number":"1","order_date":"2025-01-11 03:21:47","order_total":"&#36;24.90","payment_method":"","shipping_method":"","billing_address":"Sherlock HolmesDetectives Ltd.221B Baker StreetLondonNW1 6XEUnited Kingdom (UK)","shipping_address":"","customer_email":"sherlock@holmes.co.uk","customer_phone":"02079304832","items":[{"name":"A Study in Scarlet","quantity":1,"price":"0"},{"name":"The Hound of the Baskervilles","quantity":1,"price":"0"}]},"source":"livecomplete-sendgrid"}
[2025-01-11 03:21:47] Using SendGrid template {"template_id":"d-a074b85fe1a340edaa9adcbf431469d6","source":"livecomplete-sendgrid"}
[2025-01-11 03:21:47] Database error while logging email status {"error":"Unknown column 'template_type' in 'field list'","data":{"to":"warren@livecomplete.com","subject":"","status":"success","error":null,"template_type":"admin-new-order","timestamp":"2025-01-11 03:21:47"},"source":"livecomplete-sendgrid"}
[2025-01-11 03:23:22] WP Mail Request {"args":null,"backtrace":"require('wp-blog-header.php'), wp, WP->main, WP->parse_request, do_action_ref_array('parse_request'), WP_Hook->do_action, WP_Hook->apply_filters, Kadence_Woomail_Preview->set_up_preview, include('\/plugins\/kadence-woocommerce-email-designer\/preview.php'), Kadence_Woomail_Preview::print_preview_email, Kadence_Woomail_Preview::get_preview_email, WC_Email->get_content, WC_Email_New_Order->get_content_html, wc_get_template_html, wc_get_template, include('\/themes\/livecomplete\/woocommerce\/emails\/admin-new-order.php'), wp_mail, apply_filters('pre_wp_mail'), WP_Hook->apply_filters, LiveComplete_SendGrid->send_via_sendgrid","source":"livecomplete-sendgrid"}
[2025-01-11 03:23:22] Using recipient {"to":"warren@livecomplete.com","is_fallback":true,"source":"livecomplete-sendgrid"}
[2025-01-11 03:23:22] Template data from filter {"template_data":{"template_id":"d-a074b85fe1a340edaa9adcbf431469d6","template_type":"admin-new-order","subject":"New Order #1","customer_name":"Sherlock Holmes","order_number":"1","order_date":"2025-01-11 03:23:22","order_total":"&#36;24.90","payment_method":"","shipping_method":"","billing_address":"Sherlock HolmesDetectives Ltd.221B Baker StreetLondonNW1 6XEUnited Kingdom (UK)","shipping_address":"","customer_email":"sherlock@holmes.co.uk","customer_phone":"02079304832","items":[{"name":"A Study in Scarlet","quantity":1,"price":"0"},{"name":"The Hound of the Baskervilles","quantity":1,"price":"0"}]},"source":"livecomplete-sendgrid"}
[2025-01-11 03:23:22] Using SendGrid template {"template_id":"d-a074b85fe1a340edaa9adcbf431469d6","source":"livecomplete-sendgrid"}
[2025-01-11 03:23:23] Database error while logging email status {"error":"Unknown column 'template_type' in 'field list'","data":{"to":"warren@livecomplete.com","subject":"","status":"success","error":null,"template_type":"admin-new-order","timestamp":"2025-01-11 03:23:23"},"source":"livecomplete-sendgrid"}
[2025-01-11 03:25:01] WP Mail Request {"args":null,"backtrace":"require('wp-blog-header.php'), wp, WP->main, WP->parse_request, do_action_ref_array('parse_request'), WP_Hook->do_action, WP_Hook->apply_filters, Kadence_Woomail_Preview->set_up_preview, include('\/plugins\/kadence-woocommerce-email-designer\/preview.php'), Kadence_Woomail_Preview::print_preview_email, Kadence_Woomail_Preview::get_preview_email, WC_Email->get_content, WC_Email_New_Order->get_content_html, wc_get_template_html, wc_get_template, include('\/themes\/livecomplete\/woocommerce\/emails\/admin-new-order.php'), wp_mail, apply_filters('pre_wp_mail'), WP_Hook->apply_filters, LiveComplete_SendGrid->send_via_sendgrid","source":"livecomplete-sendgrid"}
[2025-01-11 03:25:01] Using recipient {"to":"warren@livecomplete.com","is_fallback":true,"source":"livecomplete-sendgrid"}
[2025-01-11 03:25:01] Template data from filter {"template_data":{"template_id":"d-a074b85fe1a340edaa9adcbf431469d6","template_type":"admin-new-order","subject":"New Order #1","customer_name":"Sherlock Holmes","order_number":"1","order_date":"2025-01-11 03:25:01","order_total":"&#36;24.90","payment_method":"","shipping_method":"","billing_address":"Sherlock HolmesDetectives Ltd.221B Baker StreetLondonNW1 6XEUnited Kingdom (UK)","shipping_address":"","customer_email":"sherlock@holmes.co.uk","customer_phone":"02079304832","items":[{"name":"A Study in Scarlet","quantity":1,"price":"0"},{"name":"The Hound of the Baskervilles","quantity":1,"price":"0"}]},"source":"livecomplete-sendgrid"}
[2025-01-11 03:25:01] Using SendGrid template {"template_id":"d-a074b85fe1a340edaa9adcbf431469d6","source":"livecomplete-sendgrid"}
[2025-01-11 03:25:01] Database error while logging email status {"error":"Unknown column 'template_type' in 'field list'","data":{"to":"warren@livecomplete.com","subject":"","status":"success","error":null,"template_type":"admin-new-order","timestamp":"2025-01-11 03:25:01"},"source":"livecomplete-sendgrid"}
[2025-01-11 03:28:16] WP Mail Request {"args":null,"backtrace":"require('wp-blog-header.php'), wp, WP->main, WP->parse_request, do_action_ref_array('parse_request'), WP_Hook->do_action, WP_Hook->apply_filters, Kadence_Woomail_Preview->set_up_preview, include('\/plugins\/kadence-woocommerce-email-designer\/preview.php'), Kadence_Woomail_Preview::print_preview_email, Kadence_Woomail_Preview::get_preview_email, WC_Email->get_content, WC_Email_New_Order->get_content_html, wc_get_template_html, wc_get_template, include('\/themes\/livecomplete\/woocommerce\/emails\/admin-new-order.php'), wp_mail, apply_filters('pre_wp_mail'), WP_Hook->apply_filters, LiveComplete_SendGrid->send_via_sendgrid","source":"livecomplete-sendgrid"}
[2025-01-11 03:28:16] Using recipient {"to":"warren@livecomplete.com","is_fallback":true,"source":"livecomplete-sendgrid"}
[2025-01-11 03:28:16] Template data from filter {"template_data":{"template_id":"d-a074b85fe1a340edaa9adcbf431469d6","template_type":"admin-new-order","subject":"New Order #1","customer_name":"Sherlock Holmes","order_number":"1","order_date":"2025-01-11 03:28:16","order_total":"&#36;24.90","payment_method":"","shipping_method":"","billing_address":"Sherlock HolmesDetectives Ltd.221B Baker StreetLondonNW1 6XEUnited Kingdom (UK)","shipping_address":"","customer_email":"sherlock@holmes.co.uk","customer_phone":"02079304832","items":[{"name":"A Study in Scarlet","quantity":1,"price":"0"},{"name":"The Hound of the Baskervilles","quantity":1,"price":"0"}]},"source":"livecomplete-sendgrid"}
[2025-01-11 03:28:16] Using SendGrid template {"template_id":"d-a074b85fe1a340edaa9adcbf431469d6","source":"livecomplete-sendgrid"}
[2025-01-11 03:28:16] Database error while logging email status {"error":"Unknown column 'template_type' in 'field list'","data":{"to":"warren@livecomplete.com","subject":"","status":"success","error":null,"template_type":"admin-new-order","timestamp":"2025-01-11 03:28:16"},"source":"livecomplete-sendgrid"}
[2025-01-11 03:28:28] WP Mail Request {"args":null,"backtrace":"require('wp-blog-header.php'), wp, WP->main, WP->parse_request, do_action_ref_array('parse_request'), WP_Hook->do_action, WP_Hook->apply_filters, Kadence_Woomail_Preview->set_up_preview, include('\/plugins\/kadence-woocommerce-email-designer\/preview.php'), Kadence_Woomail_Preview::print_preview_email, Kadence_Woomail_Preview::get_preview_email, WC_Email->get_content, WC_Email_New_Order->get_content_html, wc_get_template_html, wc_get_template, include('\/themes\/livecomplete\/woocommerce\/emails\/admin-new-order.php'), wp_mail, apply_filters('pre_wp_mail'), WP_Hook->apply_filters, LiveComplete_SendGrid->send_via_sendgrid","source":"livecomplete-sendgrid"}
[2025-01-11 03:28:28] Using recipient {"to":"warren@livecomplete.com","is_fallback":true,"source":"livecomplete-sendgrid"}
[2025-01-11 03:28:28] Template data from filter {"template_data":{"template_id":"d-a074b85fe1a340edaa9adcbf431469d6","template_type":"admin-new-order","subject":"New Order #1","customer_name":"Sherlock Holmes","order_number":"1","order_date":"2025-01-11 03:28:28","order_total":"&#36;24.90","payment_method":"","shipping_method":"","billing_address":"Sherlock HolmesDetectives Ltd.221B Baker StreetLondonNW1 6XEUnited Kingdom (UK)","shipping_address":"","customer_email":"sherlock@holmes.co.uk","customer_phone":"02079304832","items":[{"name":"A Study in Scarlet","quantity":1,"price":"0"},{"name":"The Hound of the Baskervilles","quantity":1,"price":"0"}]},"source":"livecomplete-sendgrid"}
[2025-01-11 03:28:28] Using SendGrid template {"template_id":"d-a074b85fe1a340edaa9adcbf431469d6","source":"livecomplete-sendgrid"}
[2025-01-11 03:28:29] Database error while logging email status {"error":"Unknown column 'template_type' in 'field list'","data":{"to":"warren@livecomplete.com","subject":"","status":"success","error":null,"template_type":"admin-new-order","timestamp":"2025-01-11 03:28:29"},"source":"livecomplete-sendgrid"}
[2025-01-11 03:28:51] WP Mail Request {"args":null,"backtrace":"require('wp-blog-header.php'), wp, WP->main, WP->parse_request, do_action_ref_array('parse_request'), WP_Hook->do_action, WP_Hook->apply_filters, Kadence_Woomail_Preview->set_up_preview, include('\/plugins\/kadence-woocommerce-email-designer\/preview.php'), Kadence_Woomail_Preview::print_preview_email, Kadence_Woomail_Preview::get_preview_email, WC_Email->get_content, WC_Email_New_Order->get_content_html, wc_get_template_html, wc_get_template, include('\/themes\/livecomplete\/woocommerce\/emails\/admin-new-order.php'), wp_mail, apply_filters('pre_wp_mail'), WP_Hook->apply_filters, LiveComplete_SendGrid->send_via_sendgrid","source":"livecomplete-sendgrid"}
[2025-01-11 03:28:51] Using recipient {"to":"warren@livecomplete.com","is_fallback":true,"source":"livecomplete-sendgrid"}
[2025-01-11 03:28:51] Template data from filter {"template_data":{"template_id":"d-a074b85fe1a340edaa9adcbf431469d6","template_type":"admin-new-order","subject":"New Order #1","customer_name":"Sherlock Holmes","order_number":"1","order_date":"2025-01-11 03:28:51","order_total":"&#36;24.90","payment_method":"","shipping_method":"","billing_address":"Sherlock HolmesDetectives Ltd.221B Baker StreetLondonNW1 6XEUnited Kingdom (UK)","shipping_address":"","customer_email":"sherlock@holmes.co.uk","customer_phone":"02079304832","items":[{"name":"A Study in Scarlet","quantity":1,"price":"0"},{"name":"The Hound of the Baskervilles","quantity":1,"price":"0"}]},"source":"livecomplete-sendgrid"}
[2025-01-11 03:28:51] Using SendGrid template {"template_id":"d-a074b85fe1a340edaa9adcbf431469d6","source":"livecomplete-sendgrid"}
[2025-01-11 03:28:52] Database error while logging email status {"error":"Unknown column 'template_type' in 'field list'","data":{"to":"warren@livecomplete.com","subject":"","status":"success","error":null,"template_type":"admin-new-order","timestamp":"2025-01-11 03:28:52"},"source":"livecomplete-sendgrid"}
