2025-01-15T21:19:53+00:00 NOTICE 7.9.0 upgrade complete from Subscriptions v7.8.0 while WooCommerce WC_VERSION 9.5.2 and database version 9.5.2 was active. CONTEXT: {"_legacy":true}
2025-01-15T21:19:53+00:00 NOTICE Environment info: CONTEXT: {"_legacy":true}
2025-01-15T21:19:53+00:00 NOTICE     WordPress Version : 6.7.1 CONTEXT: {"_legacy":true}
2025-01-15T21:19:53+00:00 NOTICE Active Plugins: CONTEXT: {"_legacy":true}
2025-01-15T21:19:53+00:00 NOTICE     Query Monitor by John Blackbourn – 3.17.0 CONTEXT: {"_legacy":true}
2025-01-15T21:19:53+00:00 NOTICE     Post SMTP by Post SMTP – 3.0.1 CONTEXT: {"_legacy":true}
2025-01-15T21:19:53+00:00 NOTICE     Advanced Custom Fields by WP Engine – 6.3.11 CONTEXT: {"_legacy":true}
2025-01-15T21:19:53+00:00 NOTICE     Breadcrumb NavXT by John Havlik – 7.4.0 CONTEXT: {"_legacy":true}
2025-01-15T21:19:53+00:00 NOTICE     Export Products, Order & Customers for WooCommerce by WPFactory – 2.2.3 CONTEXT: {"_legacy":true}
2025-01-15T21:19:53+00:00 NOTICE     FakerPress by Gustavo Bordoni – 0.6.6 CONTEXT: {"_legacy":true}
2025-01-15T21:19:53+00:00 NOTICE     Generate Random Orders For WooCommerce by WP Zone – 1.0.0 CONTEXT: {"_legacy":true}
2025-01-15T21:19:53+00:00 NOTICE     InstaWP Connect by InstaWP Team – 0.1.0.77 CONTEXT: {"_legacy":true}
2025-01-15T21:19:53+00:00 NOTICE     Maintenance mode for WooCommerce by netfett – 1.2 CONTEXT: {"_legacy":true}
2025-01-15T21:19:53+00:00 NOTICE     Max Mega Menu by megamenu.com – 3.4.1 CONTEXT: {"_legacy":true}
2025-01-15T21:19:53+00:00 NOTICE     Buy Now or Subscribe and Save for WooCommerce Subscriptions by AspiringPlugins – 1.9.0 CONTEXT: {"_legacy":true}
2025-01-15T21:19:53+00:00 NOTICE     WCAPF - WooCommerce Ajax Product Filter by wptools.io – 4.2.1 CONTEXT: {"_legacy":true}
2025-01-15T21:19:53+00:00 NOTICE     WooCommerce.com Update Manager by Automattic – 1.0.3 CONTEXT: {"_legacy":true}
2025-01-15T21:19:53+00:00 NOTICE     WooCommerce Stripe Gateway by Stripe – 9.1.1 CONTEXT: {"_legacy":true}
2025-01-15T21:19:53+00:00 NOTICE     WooCommerce Subscriptions by WooCommerce – 7.1.0 CONTEXT: {"_legacy":true}
2025-01-15T21:19:53+00:00 NOTICE     WooCommerce by Automattic – 9.5.2 CONTEXT: {"_legacy":true}
2025-01-15T21:19:53+00:00 NOTICE     Wordfence Security by Wordfence – 8.0.2 CONTEXT: {"_legacy":true}
2025-01-15T21:19:53+00:00 NOTICE     YayMail - WooCommerce Email Customizer by YayCommerce – 3.5.9 CONTEXT: {"_legacy":true}
